  [1m[36mSQL (0.0ms)[0m  [1m SELECT name
 FROM sqlite_master
 WHERE type = 'table' AND NOT name = 'sqlite_sequence'
[0m
  [1m[35mSQL (34.0ms)[0m  select sqlite_version(*)
  [1m[36mSQL (117.0ms)[0m  [1mCREATE TABLE "schema_migrations" ("version" varchar(255) NOT NULL) [0m
  [1m[35mSQL (1.0ms)[0m  PRAGMA index_list("schema_migrations")
  [1m[36mSQL (115.0ms)[0m  [1mCREATE UNIQUE INDEX "unique_schema_migrations" ON "schema_migrations" ("version")[0m
  [1m[35mSQL (0.0ms)[0m   SELECT name
 FROM sqlite_master
 WHERE type = 'table' AND NOT name = 'sqlite_sequence'
  [1m[36mSQL (0.0ms)[0m  [1m SELECT name
 FROM sqlite_master
 WHERE type = 'table' AND NOT name = 'sqlite_sequence'
[0m
  [1m[35mSQL (1.0ms)[0m  SELECT "schema_migrations"."version" FROM "schema_migrations"
Migrating to CreateProducts (20110720061748)
  [1m[36mSQL (1.0ms)[0m  [1mCREATE TABLE "products" ("id" INTEGER PRIMARY KEY AUTOINCREMENT NOT NULL, "title" varchar(255), "description" text, "image_url" varchar(255), "price" decimal, "created_at" datetime, "updated_at" datetime) [0m
  [1m[35mSQL (0.0ms)[0m  INSERT INTO "schema_migrations" ("version") VALUES ('20110720061748')
  [1m[36mSQL (1.0ms)[0m  [1m SELECT name
 FROM sqlite_master
 WHERE type = 'table' AND NOT name = 'sqlite_sequence'
[0m
  [1m[35mSQL (0.0ms)[0m  SELECT "schema_migrations"."version" FROM "schema_migrations"
  [1m[36mSQL (0.0ms)[0m  [1m SELECT name
 FROM sqlite_master
 WHERE type = 'table' AND NOT name = 'sqlite_sequence'
[0m
  [1m[35mSQL (0.0ms)[0m  PRAGMA index_list("products")


Started GET "/product" for 127.0.0.1 at Wed Jul 20 14:20:12 +0800 2011

ActionController::RoutingError (No route matches "/product"):
  

Rendered D:/Ruby187/lib/ruby/gems/1.8/gems/actionpack-3.0.7/lib/action_dispatch/middleware/templates/rescues/routing_error.erb within rescues/layout (1.0ms)


Started GET "/products" for 127.0.0.1 at Wed Jul 20 14:20:21 +0800 2011
  Processing by ProductsController#index as HTML
  [1m[36mProduct Load (1.0ms)[0m  [1mSELECT "products".* FROM "products"[0m
Rendered products/index.html.erb within layouts/application (6.0ms)
Completed 200 OK in 255ms (Views: 58.0ms | ActiveRecord: 1.0ms)


Started GET "/products/new" for 127.0.0.1 at Wed Jul 20 14:20:24 +0800 2011
  Processing by ProductsController#new as HTML
Rendered products/_form.html.erb (156.0ms)
Rendered products/new.html.erb within layouts/application (173.0ms)
Completed 200 OK in 254ms (Views: 209.0ms | ActiveRecord: 0.0ms)


Started GET "/products" for 127.0.0.1 at Wed Jul 20 14:29:31 +0800 2011
  Processing by ProductsController#index as HTML
  [1m[36mProduct Load (1.0ms)[0m  [1mSELECT "products".* FROM "products"[0m
Rendered products/index.html.erb within layouts/application (5.0ms)
Completed 200 OK in 243ms (Views: 51.0ms | ActiveRecord: 1.0ms)
  [1m[36mSQL (1.0ms)[0m  [1m SELECT name
 FROM sqlite_master
 WHERE type = 'table' AND NOT name = 'sqlite_sequence'
[0m
  [1m[35mSQL (0.0ms)[0m   SELECT name
 FROM sqlite_master
 WHERE type = 'table' AND NOT name = 'sqlite_sequence'
  [1m[36mSQL (0.0ms)[0m  [1mSELECT "schema_migrations"."version" FROM "schema_migrations"[0m
  [1m[35mAREL (1.0ms)[0m  DELETE FROM "products" WHERE 1=1
  [1m[36mAREL (1.0ms)[0m  [1mINSERT INTO "products" ("created_at", "title", "image_url", "description", "updated_at", "price") VALUES ('2011-07-20 06:35:20.324441', 'Web Design for Developers', '/images/wd4d.jpg', '<p>
 <em>Web Design for Developers</em> will show you how to make your
 web-based application look professionally designed. We''ll help you
 learn how to pick the right colors and fonts, avoid costly interface
 and accessibility mistakes -- your application will really come alive.
 We''ll also walk you through some common Photoshop and CSS techniques
 and work through a web site redesign, taking a new design from concept
 all the way to implementation.
 </p>', '2011-07-20 06:35:20.324441', 42.95)[0m
  [1m[35mAREL (1.0ms)[0m  INSERT INTO "products" ("created_at", "title", "image_url", "description", "updated_at", "price") VALUES ('2011-07-20 06:35:20.511452', 'Programming Ruby 1.9', '/images/ruby.jpg', '<p>
 Ruby is the fastest growing and most exciting dynamic language
 out there. If you need to get working programs delivered fast,
 you should add Ruby to your toolbox.
 </p>', '2011-07-20 06:35:20.511452', 49.5)
  [1m[36mAREL (9.0ms)[0m  [1mINSERT INTO "products" ("created_at", "title", "image_url", "description", "updated_at", "price") VALUES ('2011-07-20 06:35:20.589457', 'Rails Test Prescriptions', '/images/rtp.jpg', '<p>
 <em>Rails Test Prescriptions</em> is a comprehensive guide to testing
 Rails applications, covering Test-Driven Development from both a
 theoretical perspective (why to test) and from a practical perspective
 (how to test effectively). It covers the core Rails testing tools and
 procedures for Rails 2 and Rails 3, and introduces popular add-ons,
 including Cucumber, Shoulda, Machinist, Mocha, and Rcov.
 </p>', '2011-07-20 06:35:20.589457', 43.75)[0m


Started GET "/products" for 127.0.0.1 at Wed Jul 20 14:39:55 +0800 2011
  Processing by ProductsController#index as HTML
  [1m[36mProduct Load (1.0ms)[0m  [1mSELECT "products".* FROM "products"[0m
Rendered products/index.html.erb within layouts/application (254.0ms)
Completed 200 OK in 491ms (Views: 303.0ms | ActiveRecord: 1.0ms)


Started GET "/products/new" for 127.0.0.1 at Wed Jul 20 14:44:11 +0800 2011
  Processing by ProductsController#new as HTML
Rendered products/_form.html.erb (81.0ms)
Rendered products/new.html.erb within layouts/application (95.0ms)
Completed 200 OK in 154ms (Views: 129.0ms | ActiveRecord: 0.0ms)


Started POST "/products" for 127.0.0.1 at Wed Jul 20 14:44:19 +0800 2011
  Processing by ProductsController#create as HTML
  Parameters: {"commit"=>"Create Product", "authenticity_token"=>"Q/+sti+ekXGZzi2Ddpyd+f7Lb0LuAUl+8FerEMMWCZc=", "utf8"=>"✓", "product"=>{"price"=>"", "title"=>"", "image_url"=>"", "description"=>""}}
Completed   in 41ms

NoMethodError (undefined method `iamge_url' for #<Product:0x7d95d58>):
  app/controllers/products_controller.rb:46:in `create'
  app/controllers/products_controller.rb:45:in `create'

Rendered D:/Ruby187/lib/ruby/gems/1.8/gems/actionpack-3.0.7/lib/action_dispatch/middleware/templates/rescues/_trace.erb (3.0ms)
Rendered D:/Ruby187/lib/ruby/gems/1.8/gems/actionpack-3.0.7/lib/action_dispatch/middleware/templates/rescues/_request_and_response.erb (14.0ms)
Rendered D:/Ruby187/lib/ruby/gems/1.8/gems/actionpack-3.0.7/lib/action_dispatch/middleware/templates/rescues/diagnostics.erb within rescues/layout (44.0ms)


Started GET "/products/new" for 127.0.0.1 at Wed Jul 20 14:44:49 +0800 2011
  Processing by ProductsController#new as HTML
Rendered products/_form.html.erb (29.0ms)
Rendered products/new.html.erb within layouts/application (45.0ms)
Completed 200 OK in 104ms (Views: 80.0ms | ActiveRecord: 0.0ms)


Started POST "/products" for 127.0.0.1 at Wed Jul 20 14:45:01 +0800 2011
  Processing by ProductsController#create as HTML
  Parameters: {"commit"=>"Create Product", "authenticity_token"=>"Q/+sti+ekXGZzi2Ddpyd+f7Lb0LuAUl+8FerEMMWCZc=", "utf8"=>"✓", "product"=>{"price"=>"", "title"=>"", "image_url"=>"", "description"=>""}}
Completed   in 40ms

NoMethodError (undefined method `iamge_url' for #<Product:0x7d777d0>):
  app/controllers/products_controller.rb:46:in `create'
  app/controllers/products_controller.rb:45:in `create'

Rendered D:/Ruby187/lib/ruby/gems/1.8/gems/actionpack-3.0.7/lib/action_dispatch/middleware/templates/rescues/_trace.erb (3.0ms)
Rendered D:/Ruby187/lib/ruby/gems/1.8/gems/actionpack-3.0.7/lib/action_dispatch/middleware/templates/rescues/_request_and_response.erb (13.0ms)
Rendered D:/Ruby187/lib/ruby/gems/1.8/gems/actionpack-3.0.7/lib/action_dispatch/middleware/templates/rescues/diagnostics.erb within rescues/layout (53.0ms)


Started GET "/products/new" for 127.0.0.1 at Wed Jul 20 14:46:01 +0800 2011
  Processing by ProductsController#new as HTML
Rendered products/_form.html.erb (81.0ms)
Rendered products/new.html.erb within layouts/application (96.0ms)
Completed 200 OK in 155ms (Views: 132.0ms | ActiveRecord: 0.0ms)


Started POST "/products" for 127.0.0.1 at Wed Jul 20 14:46:05 +0800 2011
  Processing by ProductsController#create as HTML
  Parameters: {"commit"=>"Create Product", "authenticity_token"=>"Q/+sti+ekXGZzi2Ddpyd+f7Lb0LuAUl+8FerEMMWCZc=", "utf8"=>"✓", "product"=>{"price"=>"", "title"=>"", "image_url"=>"", "description"=>""}}
Rendered products/_form.html.erb (22.0ms)
Rendered products/new.html.erb within layouts/application (39.0ms)
Completed 200 OK in 132ms (Views: 77.0ms | ActiveRecord: 0.0ms)
  [1m[36mSQL (1.0ms)[0m  [1m SELECT name
 FROM sqlite_master
 WHERE type = 'table' AND NOT name = 'sqlite_sequence'
[0m
  [1m[35mSQL (1.0ms)[0m   SELECT name
 FROM sqlite_master
 WHERE type = 'table' AND NOT name = 'sqlite_sequence'
  [1m[36mSQL (0.0ms)[0m  [1mSELECT "schema_migrations"."version" FROM "schema_migrations"[0m
  [1m[35mSQL (0.0ms)[0m  select sqlite_version(*)
  [1m[36mSQL (1.0ms)[0m  [1m SELECT name
 FROM sqlite_master
 WHERE type = 'table' AND NOT name = 'sqlite_sequence'
[0m
  [1m[35mSQL (100.0ms)[0m  CREATE TABLE "products" ("id" INTEGER PRIMARY KEY AUTOINCREMENT NOT NULL, "title" varchar(255), "description" text, "image_url" varchar(255), "price" decimal, "created_at" datetime, "updated_at" datetime) 
  [1m[36mSQL (0.0ms)[0m  [1m SELECT name
 FROM sqlite_master
 WHERE type = 'table' AND NOT name = 'sqlite_sequence'
[0m
  [1m[35mSQL (59.0ms)[0m  CREATE TABLE "schema_migrations" ("version" varchar(255) NOT NULL) 
  [1m[36mSQL (0.0ms)[0m  [1mPRAGMA index_list("schema_migrations")[0m
  [1m[35mSQL (77.0ms)[0m  CREATE UNIQUE INDEX "unique_schema_migrations" ON "schema_migrations" ("version")
  [1m[36mSQL (0.0ms)[0m  [1m SELECT name
 FROM sqlite_master
 WHERE type = 'table' AND NOT name = 'sqlite_sequence'
[0m
  [1m[35mSQL (0.0ms)[0m  SELECT version FROM "schema_migrations"
  [1m[36mSQL (76.0ms)[0m  [1mINSERT INTO "schema_migrations" (version) VALUES ('20110720061748')[0m
  [1m[36mSQL (0.0ms)[0m  [1m SELECT name
 FROM sqlite_master
 WHERE type = 'table' AND NOT name = 'sqlite_sequence'
[0m
  [1m[35mSQL (0.0ms)[0m   SELECT name
 FROM sqlite_master
 WHERE type = 'table' AND NOT name = 'sqlite_sequence'
  [1m[36mSQL (0.0ms)[0m  [1mSELECT "schema_migrations"."version" FROM "schema_migrations"[0m
  [1m[35mSQL (0.0ms)[0m  select sqlite_version(*)
  [1m[36mSQL (1.0ms)[0m  [1m SELECT name
 FROM sqlite_master
 WHERE type = 'table' AND NOT name = 'sqlite_sequence'
[0m
  [1m[35mSQL (124.0ms)[0m  CREATE TABLE "products" ("id" INTEGER PRIMARY KEY AUTOINCREMENT NOT NULL, "title" varchar(255), "description" text, "image_url" varchar(255), "price" decimal, "created_at" datetime, "updated_at" datetime) 
  [1m[36mSQL (1.0ms)[0m  [1m SELECT name
 FROM sqlite_master
 WHERE type = 'table' AND NOT name = 'sqlite_sequence'
[0m
  [1m[35mSQL (58.0ms)[0m  CREATE TABLE "schema_migrations" ("version" varchar(255) NOT NULL) 
  [1m[36mSQL (0.0ms)[0m  [1mPRAGMA index_list("schema_migrations")[0m
  [1m[35mSQL (77.0ms)[0m  CREATE UNIQUE INDEX "unique_schema_migrations" ON "schema_migrations" ("version")
  [1m[36mSQL (1.0ms)[0m  [1m SELECT name
 FROM sqlite_master
 WHERE type = 'table' AND NOT name = 'sqlite_sequence'
[0m
  [1m[35mSQL (0.0ms)[0m  SELECT version FROM "schema_migrations"
  [1m[36mSQL (76.0ms)[0m  [1mINSERT INTO "schema_migrations" (version) VALUES ('20110720061748')[0m
  [1m[36mSQL (2.0ms)[0m  [1m SELECT name
 FROM sqlite_master
 WHERE type = 'table' AND NOT name = 'sqlite_sequence'
[0m
  [1m[35mSQL (1.0ms)[0m   SELECT name
 FROM sqlite_master
 WHERE type = 'table' AND NOT name = 'sqlite_sequence'
  [1m[36mSQL (1.0ms)[0m  [1mSELECT "schema_migrations"."version" FROM "schema_migrations"[0m
  [1m[35mSQL (0.0ms)[0m  select sqlite_version(*)
  [1m[36mSQL (1.0ms)[0m  [1m SELECT name
 FROM sqlite_master
 WHERE type = 'table' AND NOT name = 'sqlite_sequence'
[0m
  [1m[35mSQL (109.0ms)[0m  CREATE TABLE "products" ("id" INTEGER PRIMARY KEY AUTOINCREMENT NOT NULL, "title" varchar(255), "description" text, "image_url" varchar(255), "price" decimal, "created_at" datetime, "updated_at" datetime) 
  [1m[36mSQL (0.0ms)[0m  [1m SELECT name
 FROM sqlite_master
 WHERE type = 'table' AND NOT name = 'sqlite_sequence'
[0m
  [1m[35mSQL (64.0ms)[0m  CREATE TABLE "schema_migrations" ("version" varchar(255) NOT NULL) 
  [1m[36mSQL (0.0ms)[0m  [1mPRAGMA index_list("schema_migrations")[0m
  [1m[35mSQL (81.0ms)[0m  CREATE UNIQUE INDEX "unique_schema_migrations" ON "schema_migrations" ("version")
  [1m[36mSQL (0.0ms)[0m  [1m SELECT name
 FROM sqlite_master
 WHERE type = 'table' AND NOT name = 'sqlite_sequence'
[0m
  [1m[35mSQL (1.0ms)[0m  SELECT version FROM "schema_migrations"
  [1m[36mSQL (79.0ms)[0m  [1mINSERT INTO "schema_migrations" (version) VALUES ('20110720061748')[0m


Started GET "/products" for 127.0.0.1 at Wed Jul 20 17:10:01 +0800 2011
  Processing by ProductsController#index as HTML
  [1m[35mProduct Load (1.0ms)[0m  SELECT "products".* FROM "products"
Rendered products/index.html.erb within layouts/application (31.0ms)
Completed 200 OK in 89ms (Views: 67.0ms | ActiveRecord: 1.0ms)


Started GET "/store/index" for 127.0.0.1 at Wed Jul 20 17:10:49 +0800 2011
  Processing by StoreController#index as HTML
Rendered store/index.html.erb within layouts/application (5.0ms)
Completed 200 OK in 41ms (Views: 40.0ms | ActiveRecord: 0.0ms)


Started GET "/" for 127.0.0.1 at Wed Jul 20 17:16:06 +0800 2011
  Processing by StoreController#index as HTML
Rendered store/index.html.erb within layouts/application (5.0ms)
Completed 200 OK in 55ms (Views: 54.0ms | ActiveRecord: 0.0ms)


Started GET "/" for 127.0.0.1 at Wed Jul 20 17:24:07 +0800 2011
  Processing by StoreController#index as HTML
  [1m[36mProduct Load (2.0ms)[0m  [1mSELECT "products".* FROM "products" ORDER BY title[0m
Rendered store/index.html.erb within layouts/application (31.0ms)
Completed   in 272ms

ActionView::Template::Error (You have a nil object when you didn't expect it!
You might have expected an instance of Array.
The error occurred while evaluating nil.each):
    7: 
    8: <h1>Your Pragmatic Catalog</h1>
    9: 
    10: <% @product.each do |product| %>
    11: 	<div calss = "entry">
    12: 		<%= image_tag(product.image_url) %>
    13: 		<h3><%= product.title %></h3>
  app/views/store/index.html.erb:10:in `_app_views_store_index_html_erb___967450559_64533072_0'

Rendered D:/Ruby187/lib/ruby/gems/1.8/gems/actionpack-3.0.7/lib/action_dispatch/middleware/templates/rescues/_trace.erb (2.0ms)
Rendered D:/Ruby187/lib/ruby/gems/1.8/gems/actionpack-3.0.7/lib/action_dispatch/middleware/templates/rescues/_request_and_response.erb (66.0ms)
Rendered D:/Ruby187/lib/ruby/gems/1.8/gems/actionpack-3.0.7/lib/action_dispatch/middleware/templates/rescues/template_error.erb within rescues/layout (92.0ms)


Started GET "/" for 127.0.0.1 at Wed Jul 20 17:24:36 +0800 2011
  Processing by StoreController#index as HTML
  [1m[35mProduct Load (0.0ms)[0m  SELECT "products".* FROM "products" ORDER BY title
Rendered store/index.html.erb within layouts/application (1.0ms)
Completed   in 88ms

ActionView::Template::Error (You have a nil object when you didn't expect it!
You might have expected an instance of Array.
The error occurred while evaluating nil.each):
    4: 
    5: <h1>Your Pragmatic Catalog</h1>
    6: 
    7: <% @product.each do |product| %>
    8: 	<div calss = "entry">
    9: 		<%= image_tag(product.image_url) %>
    10: 		<h3><%= product.title %></h3>
  app/views/store/index.html.erb:7:in `_app_views_store_index_html_erb___967450559_65615880_0'

Rendered D:/Ruby187/lib/ruby/gems/1.8/gems/actionpack-3.0.7/lib/action_dispatch/middleware/templates/rescues/_trace.erb (2.0ms)
Rendered D:/Ruby187/lib/ruby/gems/1.8/gems/actionpack-3.0.7/lib/action_dispatch/middleware/templates/rescues/_request_and_response.erb (58.0ms)
Rendered D:/Ruby187/lib/ruby/gems/1.8/gems/actionpack-3.0.7/lib/action_dispatch/middleware/templates/rescues/template_error.erb within rescues/layout (86.0ms)


Started GET "/" for 127.0.0.1 at Wed Jul 20 17:24:41 +0800 2011
  Processing by StoreController#index as HTML
  [1m[36mProduct Load (1.0ms)[0m  [1mSELECT "products".* FROM "products" ORDER BY title[0m
Rendered store/index.html.erb within layouts/application (1.0ms)
Completed   in 48ms

ActionView::Template::Error (You have a nil object when you didn't expect it!
You might have expected an instance of Array.
The error occurred while evaluating nil.each):
    4: 
    5: <h1>Your Pragmatic Catalog</h1>
    6: 
    7: <% @product.each do |product| %>
    8: 	<div calss = "entry">
    9: 		<%= image_tag(product.image_url) %>
    10: 		<h3><%= product.title %></h3>
  app/views/store/index.html.erb:7:in `_app_views_store_index_html_erb___967450559_65024064_0'

Rendered D:/Ruby187/lib/ruby/gems/1.8/gems/actionpack-3.0.7/lib/action_dispatch/middleware/templates/rescues/_trace.erb (2.0ms)
Rendered D:/Ruby187/lib/ruby/gems/1.8/gems/actionpack-3.0.7/lib/action_dispatch/middleware/templates/rescues/_request_and_response.erb (33.0ms)
Rendered D:/Ruby187/lib/ruby/gems/1.8/gems/actionpack-3.0.7/lib/action_dispatch/middleware/templates/rescues/template_error.erb within rescues/layout (114.0ms)


Started GET "/" for 127.0.0.1 at Wed Jul 20 17:24:42 +0800 2011
  Processing by StoreController#index as HTML
  [1m[35mProduct Load (1.0ms)[0m  SELECT "products".* FROM "products" ORDER BY title
Rendered store/index.html.erb within layouts/application (1.0ms)
Completed   in 60ms

ActionView::Template::Error (You have a nil object when you didn't expect it!
You might have expected an instance of Array.
The error occurred while evaluating nil.each):
    4: 
    5: <h1>Your Pragmatic Catalog</h1>
    6: 
    7: <% @product.each do |product| %>
    8: 	<div calss = "entry">
    9: 		<%= image_tag(product.image_url) %>
    10: 		<h3><%= product.title %></h3>
  app/views/store/index.html.erb:7:in `_app_views_store_index_html_erb___967450559_65783460_0'

Rendered D:/Ruby187/lib/ruby/gems/1.8/gems/actionpack-3.0.7/lib/action_dispatch/middleware/templates/rescues/_trace.erb (2.0ms)
Rendered D:/Ruby187/lib/ruby/gems/1.8/gems/actionpack-3.0.7/lib/action_dispatch/middleware/templates/rescues/_request_and_response.erb (49.0ms)
Rendered D:/Ruby187/lib/ruby/gems/1.8/gems/actionpack-3.0.7/lib/action_dispatch/middleware/templates/rescues/template_error.erb within rescues/layout (74.0ms)


Started GET "/" for 127.0.0.1 at Wed Jul 20 17:24:43 +0800 2011
  Processing by StoreController#index as HTML
  [1m[36mProduct Load (1.0ms)[0m  [1mSELECT "products".* FROM "products" ORDER BY title[0m
Rendered store/index.html.erb within layouts/application (1.0ms)
Completed   in 56ms

ActionView::Template::Error (You have a nil object when you didn't expect it!
You might have expected an instance of Array.
The error occurred while evaluating nil.each):
    4: 
    5: <h1>Your Pragmatic Catalog</h1>
    6: 
    7: <% @product.each do |product| %>
    8: 	<div calss = "entry">
    9: 		<%= image_tag(product.image_url) %>
    10: 		<h3><%= product.title %></h3>
  app/views/store/index.html.erb:7:in `_app_views_store_index_html_erb___967450559_65157780_0'

Rendered D:/Ruby187/lib/ruby/gems/1.8/gems/actionpack-3.0.7/lib/action_dispatch/middleware/templates/rescues/_trace.erb (1.0ms)
Rendered D:/Ruby187/lib/ruby/gems/1.8/gems/actionpack-3.0.7/lib/action_dispatch/middleware/templates/rescues/_request_and_response.erb (37.0ms)
Rendered D:/Ruby187/lib/ruby/gems/1.8/gems/actionpack-3.0.7/lib/action_dispatch/middleware/templates/rescues/template_error.erb within rescues/layout (63.0ms)


Started GET "/" for 127.0.0.1 at Wed Jul 20 17:25:05 +0800 2011
  Processing by StoreController#index as HTML
  [1m[35mProduct Load (1.0ms)[0m  SELECT "products".* FROM "products" ORDER BY title
Rendered store/index.html.erb within layouts/application (230.0ms)
Completed 200 OK in 294ms (Views: 272.0ms | ActiveRecord: 1.0ms)


Started GET "/" for 127.0.0.1 at Thu Jul 21 10:15:19 +0800 2011
  Processing by StoreController#index as HTML
  [1m[36mProduct Load (1.0ms)[0m  [1mSELECT "products".* FROM "products" ORDER BY title[0m
Rendered store/index.html.erb within layouts/application (138.0ms)
Completed 200 OK in 344ms (Views: 179.0ms | ActiveRecord: 1.0ms)


Started GET "/" for 127.0.0.1 at Thu Jul 21 10:43:20 +0800 2011
  Processing by StoreController#index as HTML
  [1m[35mProduct Load (1.0ms)[0m  SELECT "products".* FROM "products" ORDER BY title
Rendered store/index.html.erb within layouts/application (78.0ms)
Completed   in 142ms

ActionView::Template::Error (undefined method `javascript_inlcude_tag' for #<#<Class:0x7afe9c8>:0x7afbc98>):
    9: 		<%= stylesheet_link_tag "depot", :media => "all" %> <!-- <lable id ="code.slt"/> -->
    10: 		<!-- END:stylesheet -->
    11: 		
    12: 		<%= javascript_inlcude_tag :defaults %>
    13: 		<%= csrf_meta_tag %> <!-- <lable id="code.csrf"/> -->
    14: 		
    15: 	</head>
  app/views/layouts/application.html.erb:12:in `_app_views_layouts_application_html_erb___249463955_64475148_0'

Rendered D:/Ruby187/lib/ruby/gems/1.8/gems/actionpack-3.0.7/lib/action_dispatch/middleware/templates/rescues/_trace.erb (2.0ms)
Rendered D:/Ruby187/lib/ruby/gems/1.8/gems/actionpack-3.0.7/lib/action_dispatch/middleware/templates/rescues/_request_and_response.erb (10.0ms)
Rendered D:/Ruby187/lib/ruby/gems/1.8/gems/actionpack-3.0.7/lib/action_dispatch/middleware/templates/rescues/template_error.erb within rescues/layout (34.0ms)


Started GET "/" for 127.0.0.1 at Thu Jul 21 10:44:33 +0800 2011
  Processing by StoreController#index as HTML
  [1m[36mProduct Load (1.0ms)[0m  [1mSELECT "products".* FROM "products" ORDER BY title[0m
Rendered store/index.html.erb within layouts/application (21.0ms)
Completed 200 OK in 83ms (Views: 60.0ms | ActiveRecord: 1.0ms)


Started GET "/" for 127.0.0.1 at Thu Jul 21 10:48:07 +0800 2011
  Processing by StoreController#index as HTML
  [1m[35mProduct Load (1.0ms)[0m  SELECT "products".* FROM "products" ORDER BY title
Rendered store/index.html.erb within layouts/application (76.0ms)
Completed 200 OK in 196ms (Views: 175.0ms | ActiveRecord: 1.0ms)
  [1m[36mSQL (1.0ms)[0m  [1m SELECT name
 FROM sqlite_master
 WHERE type = 'table' AND NOT name = 'sqlite_sequence'
[0m
  [1m[35mSQL (0.0ms)[0m   SELECT name
 FROM sqlite_master
 WHERE type = 'table' AND NOT name = 'sqlite_sequence'
  [1m[36mSQL (0.0ms)[0m  [1mSELECT "schema_migrations"."version" FROM "schema_migrations"[0m
  [1m[35mSQL (1.0ms)[0m  select sqlite_version(*)
  [1m[36mSQL (1.0ms)[0m  [1m SELECT name
 FROM sqlite_master
 WHERE type = 'table' AND NOT name = 'sqlite_sequence'
[0m
  [1m[35mSQL (100.0ms)[0m  CREATE TABLE "products" ("id" INTEGER PRIMARY KEY AUTOINCREMENT NOT NULL, "title" varchar(255), "description" text, "image_url" varchar(255), "price" decimal, "created_at" datetime, "updated_at" datetime) 
  [1m[36mSQL (0.0ms)[0m  [1m SELECT name
 FROM sqlite_master
 WHERE type = 'table' AND NOT name = 'sqlite_sequence'
[0m
  [1m[35mSQL (58.0ms)[0m  CREATE TABLE "schema_migrations" ("version" varchar(255) NOT NULL) 
  [1m[36mSQL (0.0ms)[0m  [1mPRAGMA index_list("schema_migrations")[0m
  [1m[35mSQL (77.0ms)[0m  CREATE UNIQUE INDEX "unique_schema_migrations" ON "schema_migrations" ("version")
  [1m[36mSQL (0.0ms)[0m  [1m SELECT name
 FROM sqlite_master
 WHERE type = 'table' AND NOT name = 'sqlite_sequence'
[0m
  [1m[35mSQL (0.0ms)[0m  SELECT version FROM "schema_migrations"
  [1m[36mSQL (75.0ms)[0m  [1mINSERT INTO "schema_migrations" (version) VALUES ('20110720061748')[0m
  [1m[36mSQL (0.0ms)[0m  [1m SELECT name
 FROM sqlite_master
 WHERE type = 'table' AND NOT name = 'sqlite_sequence'
[0m
  [1m[35mSQL (0.0ms)[0m   SELECT name
 FROM sqlite_master
 WHERE type = 'table' AND NOT name = 'sqlite_sequence'
  [1m[36mSQL (0.0ms)[0m  [1mSELECT "schema_migrations"."version" FROM "schema_migrations"[0m
  [1m[35mSQL (1.0ms)[0m  select sqlite_version(*)
  [1m[36mSQL (0.0ms)[0m  [1m SELECT name
 FROM sqlite_master
 WHERE type = 'table' AND NOT name = 'sqlite_sequence'
[0m
  [1m[35mSQL (94.0ms)[0m  CREATE TABLE "products" ("id" INTEGER PRIMARY KEY AUTOINCREMENT NOT NULL, "title" varchar(255), "description" text, "image_url" varchar(255), "price" decimal, "created_at" datetime, "updated_at" datetime) 
  [1m[36mSQL (0.0ms)[0m  [1m SELECT name
 FROM sqlite_master
 WHERE type = 'table' AND NOT name = 'sqlite_sequence'
[0m
  [1m[35mSQL (59.0ms)[0m  CREATE TABLE "schema_migrations" ("version" varchar(255) NOT NULL) 
  [1m[36mSQL (0.0ms)[0m  [1mPRAGMA index_list("schema_migrations")[0m
  [1m[35mSQL (77.0ms)[0m  CREATE UNIQUE INDEX "unique_schema_migrations" ON "schema_migrations" ("version")
  [1m[36mSQL (0.0ms)[0m  [1m SELECT name
 FROM sqlite_master
 WHERE type = 'table' AND NOT name = 'sqlite_sequence'
[0m
  [1m[35mSQL (0.0ms)[0m  SELECT version FROM "schema_migrations"
  [1m[36mSQL (75.0ms)[0m  [1mINSERT INTO "schema_migrations" (version) VALUES ('20110720061748')[0m


Started GET "/" for 127.0.0.1 at Thu Jul 21 10:58:45 +0800 2011
  Processing by StoreController#index as HTML
  [1m[36mProduct Load (1.0ms)[0m  [1mSELECT "products".* FROM "products" ORDER BY title[0m
Rendered store/index.html.erb within layouts/application (79.0ms)
Completed 200 OK in 178ms (Views: 142.0ms | ActiveRecord: 1.0ms)
  [1m[36mSQL (1.0ms)[0m  [1m SELECT name
 FROM sqlite_master
 WHERE type = 'table' AND NOT name = 'sqlite_sequence'
[0m
  [1m[35mSQL (0.0ms)[0m   SELECT name
 FROM sqlite_master
 WHERE type = 'table' AND NOT name = 'sqlite_sequence'
  [1m[36mSQL (1.0ms)[0m  [1mSELECT "schema_migrations"."version" FROM "schema_migrations"[0m
  [1m[35mSQL (0.0ms)[0m  select sqlite_version(*)
  [1m[36mSQL (1.0ms)[0m  [1m SELECT name
 FROM sqlite_master
 WHERE type = 'table' AND NOT name = 'sqlite_sequence'
[0m
  [1m[35mSQL (102.0ms)[0m  CREATE TABLE "products" ("id" INTEGER PRIMARY KEY AUTOINCREMENT NOT NULL, "title" varchar(255), "description" text, "image_url" varchar(255), "price" decimal, "created_at" datetime, "updated_at" datetime) 
  [1m[36mSQL (1.0ms)[0m  [1m SELECT name
 FROM sqlite_master
 WHERE type = 'table' AND NOT name = 'sqlite_sequence'
[0m
  [1m[35mSQL (69.0ms)[0m  CREATE TABLE "schema_migrations" ("version" varchar(255) NOT NULL) 
  [1m[36mSQL (0.0ms)[0m  [1mPRAGMA index_list("schema_migrations")[0m
  [1m[35mSQL (88.0ms)[0m  CREATE UNIQUE INDEX "unique_schema_migrations" ON "schema_migrations" ("version")
  [1m[36mSQL (1.0ms)[0m  [1m SELECT name
 FROM sqlite_master
 WHERE type = 'table' AND NOT name = 'sqlite_sequence'
[0m
  [1m[35mSQL (1.0ms)[0m  SELECT version FROM "schema_migrations"
  [1m[36mSQL (115.0ms)[0m  [1mINSERT INTO "schema_migrations" (version) VALUES ('20110720061748')[0m
  [1m[36mSQL (1.0ms)[0m  [1m SELECT name
 FROM sqlite_master
 WHERE type = 'table' AND NOT name = 'sqlite_sequence'
[0m
  [1m[35mSQL (1.0ms)[0m   SELECT name
 FROM sqlite_master
 WHERE type = 'table' AND NOT name = 'sqlite_sequence'
  [1m[36mSQL (0.0ms)[0m  [1mSELECT "schema_migrations"."version" FROM "schema_migrations"[0m
Migrating to CreateProducts (20110720061748)
Migrating to CreateCarts (20110721031701)
  [1m[35mSQL (0.0ms)[0m  select sqlite_version(*)
  [1m[36mSQL (1.0ms)[0m  [1mCREATE TABLE "carts" ("id" INTEGER PRIMARY KEY AUTOINCREMENT NOT NULL, "created_at" datetime, "updated_at" datetime) [0m
  [1m[35mSQL (1.0ms)[0m  INSERT INTO "schema_migrations" ("version") VALUES ('20110721031701')
  [1m[36mSQL (1.0ms)[0m  [1m SELECT name
 FROM sqlite_master
 WHERE type = 'table' AND NOT name = 'sqlite_sequence'
[0m
  [1m[35mSQL (1.0ms)[0m  SELECT "schema_migrations"."version" FROM "schema_migrations"
  [1m[36mSQL (0.0ms)[0m  [1m SELECT name
 FROM sqlite_master
 WHERE type = 'table' AND NOT name = 'sqlite_sequence'
[0m
  [1m[35mSQL (0.0ms)[0m  PRAGMA index_list("carts")
  [1m[36mSQL (0.0ms)[0m  [1mPRAGMA index_list("products")[0m
  [1m[36mSQL (1.0ms)[0m  [1m SELECT name
 FROM sqlite_master
 WHERE type = 'table' AND NOT name = 'sqlite_sequence'
[0m
  [1m[35mSQL (0.0ms)[0m   SELECT name
 FROM sqlite_master
 WHERE type = 'table' AND NOT name = 'sqlite_sequence'
  [1m[36mSQL (1.0ms)[0m  [1mSELECT "schema_migrations"."version" FROM "schema_migrations"[0m
Migrating to CreateProducts (20110720061748)
Migrating to CreateCarts (20110721031701)
Migrating to CreateLineItems (20110721032221)
  [1m[35mSQL (0.0ms)[0m  select sqlite_version(*)
  [1m[36mSQL (2.0ms)[0m  [1mCREATE TABLE "line_items" ("id" INTEGER PRIMARY KEY AUTOINCREMENT NOT NULL, "product_id" integer, "cart_id" integer, "created_at" datetime, "updated_at" datetime) [0m
  [1m[35mSQL (1.0ms)[0m  INSERT INTO "schema_migrations" ("version") VALUES ('20110721032221')
  [1m[36mSQL (0.0ms)[0m  [1m SELECT name
 FROM sqlite_master
 WHERE type = 'table' AND NOT name = 'sqlite_sequence'
[0m
  [1m[35mSQL (0.0ms)[0m  SELECT "schema_migrations"."version" FROM "schema_migrations"
  [1m[36mSQL (0.0ms)[0m  [1m SELECT name
 FROM sqlite_master
 WHERE type = 'table' AND NOT name = 'sqlite_sequence'
[0m
  [1m[35mSQL (0.0ms)[0m  PRAGMA index_list("carts")
  [1m[36mSQL (0.0ms)[0m  [1mPRAGMA index_list("line_items")[0m
  [1m[35mSQL (0.0ms)[0m  PRAGMA index_list("products")
  [1m[36mSQL (1.0ms)[0m  [1m SELECT name
 FROM sqlite_master
 WHERE type = 'table' AND NOT name = 'sqlite_sequence'
[0m
  [1m[35mSQL (0.0ms)[0m   SELECT name
 FROM sqlite_master
 WHERE type = 'table' AND NOT name = 'sqlite_sequence'
  [1m[36mSQL (0.0ms)[0m  [1mSELECT "schema_migrations"."version" FROM "schema_migrations"[0m
  [1m[35mSQL (0.0ms)[0m  select sqlite_version(*)
  [1m[36mSQL (1.0ms)[0m  [1m SELECT name
 FROM sqlite_master
 WHERE type = 'table' AND NOT name = 'sqlite_sequence'
[0m
  [1m[35mSQL (147.0ms)[0m  CREATE TABLE "carts" ("id" INTEGER PRIMARY KEY AUTOINCREMENT NOT NULL, "created_at" datetime, "updated_at" datetime) 
  [1m[36mSQL (1.0ms)[0m  [1m SELECT name
 FROM sqlite_master
 WHERE type = 'table' AND NOT name = 'sqlite_sequence'
[0m
  [1m[35mSQL (166.0ms)[0m  CREATE TABLE "line_items" ("id" INTEGER PRIMARY KEY AUTOINCREMENT NOT NULL, "product_id" integer, "cart_id" integer, "created_at" datetime, "updated_at" datetime) 
  [1m[36mSQL (1.0ms)[0m  [1m SELECT name
 FROM sqlite_master
 WHERE type = 'table' AND NOT name = 'sqlite_sequence'
[0m
  [1m[35mSQL (142.0ms)[0m  CREATE TABLE "products" ("id" INTEGER PRIMARY KEY AUTOINCREMENT NOT NULL, "title" varchar(255), "description" text, "image_url" varchar(255), "price" decimal, "created_at" datetime, "updated_at" datetime) 
  [1m[36mSQL (0.0ms)[0m  [1m SELECT name
 FROM sqlite_master
 WHERE type = 'table' AND NOT name = 'sqlite_sequence'
[0m
  [1m[35mSQL (97.0ms)[0m  CREATE TABLE "schema_migrations" ("version" varchar(255) NOT NULL) 
  [1m[36mSQL (0.0ms)[0m  [1mPRAGMA index_list("schema_migrations")[0m
  [1m[35mSQL (99.0ms)[0m  CREATE UNIQUE INDEX "unique_schema_migrations" ON "schema_migrations" ("version")
  [1m[36mSQL (0.0ms)[0m  [1m SELECT name
 FROM sqlite_master
 WHERE type = 'table' AND NOT name = 'sqlite_sequence'
[0m
  [1m[35mSQL (0.0ms)[0m  SELECT version FROM "schema_migrations"
  [1m[36mSQL (97.0ms)[0m  [1mINSERT INTO "schema_migrations" (version) VALUES ('20110721032221')[0m
  [1m[35mSQL (100.0ms)[0m  INSERT INTO "schema_migrations" (version) VALUES ('20110720061748')
  [1m[36mSQL (88.0ms)[0m  [1mINSERT INTO "schema_migrations" (version) VALUES ('20110721031701')[0m
  [1m[36mSQL (1.0ms)[0m  [1m SELECT name
 FROM sqlite_master
 WHERE type = 'table' AND NOT name = 'sqlite_sequence'
[0m
  [1m[35mSQL (0.0ms)[0m   SELECT name
 FROM sqlite_master
 WHERE type = 'table' AND NOT name = 'sqlite_sequence'
  [1m[36mSQL (0.0ms)[0m  [1mSELECT "schema_migrations"."version" FROM "schema_migrations"[0m
  [1m[35mSQL (0.0ms)[0m  select sqlite_version(*)
  [1m[36mSQL (0.0ms)[0m  [1m SELECT name
 FROM sqlite_master
 WHERE type = 'table' AND NOT name = 'sqlite_sequence'
[0m
  [1m[35mSQL (219.0ms)[0m  CREATE TABLE "carts" ("id" INTEGER PRIMARY KEY AUTOINCREMENT NOT NULL, "created_at" datetime, "updated_at" datetime) 
  [1m[36mSQL (0.0ms)[0m  [1m SELECT name
 FROM sqlite_master
 WHERE type = 'table' AND NOT name = 'sqlite_sequence'
[0m
  [1m[35mSQL (240.0ms)[0m  CREATE TABLE "line_items" ("id" INTEGER PRIMARY KEY AUTOINCREMENT NOT NULL, "product_id" integer, "cart_id" integer, "created_at" datetime, "updated_at" datetime) 
  [1m[36mSQL (1.0ms)[0m  [1m SELECT name
 FROM sqlite_master
 WHERE type = 'table' AND NOT name = 'sqlite_sequence'
[0m
  [1m[35mSQL (199.0ms)[0m  CREATE TABLE "products" ("id" INTEGER PRIMARY KEY AUTOINCREMENT NOT NULL, "title" varchar(255), "description" text, "image_url" varchar(255), "price" decimal, "created_at" datetime, "updated_at" datetime) 
  [1m[36mSQL (0.0ms)[0m  [1m SELECT name
 FROM sqlite_master
 WHERE type = 'table' AND NOT name = 'sqlite_sequence'
[0m
  [1m[35mSQL (228.0ms)[0m  CREATE TABLE "schema_migrations" ("version" varchar(255) NOT NULL) 
  [1m[36mSQL (0.0ms)[0m  [1mPRAGMA index_list("schema_migrations")[0m
  [1m[35mSQL (127.0ms)[0m  CREATE UNIQUE INDEX "unique_schema_migrations" ON "schema_migrations" ("version")
  [1m[36mSQL (1.0ms)[0m  [1m SELECT name
 FROM sqlite_master
 WHERE type = 'table' AND NOT name = 'sqlite_sequence'
[0m
  [1m[35mSQL (1.0ms)[0m  SELECT version FROM "schema_migrations"
  [1m[36mSQL (107.0ms)[0m  [1mINSERT INTO "schema_migrations" (version) VALUES ('20110721032221')[0m
  [1m[35mSQL (130.0ms)[0m  INSERT INTO "schema_migrations" (version) VALUES ('20110720061748')
  [1m[36mSQL (115.0ms)[0m  [1mINSERT INTO "schema_migrations" (version) VALUES ('20110721031701')[0m


Started GET "/carts" for 127.0.0.1 at Thu Jul 21 13:33:45 +0800 2011
  Processing by CartsController#index as HTML
  [1m[35mCart Load (31.0ms)[0m  SELECT "carts".* FROM "carts"
Rendered carts/index.html.erb within layouts/application (57.0ms)
Completed 200 OK in 708ms (Views: 180.0ms | ActiveRecord: 31.0ms)


Started GET "/carts1" for 127.0.0.1 at Thu Jul 21 13:33:51 +0800 2011

ActionController::RoutingError (No route matches "/carts1"):
  

Rendered D:/Ruby187/lib/ruby/gems/1.8/gems/actionpack-3.0.7/lib/action_dispatch/middleware/templates/rescues/routing_error.erb within rescues/layout (1.0ms)


Started GET "/carts/1" for 127.0.0.1 at Thu Jul 21 13:33:59 +0800 2011
  Processing by CartsController#show as HTML
  Parameters: {"id"=>"1"}
  [1m[36mSQL (25.0ms)[0m  [1m SELECT name
 FROM sqlite_master
 WHERE type = 'table' AND NOT name = 'sqlite_sequence'
[0m
  [1m[35mCart Load (14.0ms)[0m  SELECT "carts".* FROM "carts" WHERE "carts"."id" = 1 LIMIT 1
Completed   in 123ms

ActiveRecord::RecordNotFound (Couldn't find Cart with ID=1):
  app/controllers/carts_controller.rb:16:in `show'

Rendered D:/Ruby187/lib/ruby/gems/1.8/gems/actionpack-3.0.7/lib/action_dispatch/middleware/templates/rescues/_trace.erb (2.0ms)
Rendered D:/Ruby187/lib/ruby/gems/1.8/gems/actionpack-3.0.7/lib/action_dispatch/middleware/templates/rescues/_request_and_response.erb (11.0ms)
Rendered D:/Ruby187/lib/ruby/gems/1.8/gems/actionpack-3.0.7/lib/action_dispatch/middleware/templates/rescues/diagnostics.erb within rescues/layout (105.0ms)


Started GET "/carts" for 127.0.0.1 at Thu Jul 21 13:34:08 +0800 2011
  Processing by CartsController#index as HTML
  [1m[36mCart Load (1.0ms)[0m  [1mSELECT "carts".* FROM "carts"[0m
Rendered carts/index.html.erb within layouts/application (29.0ms)
Completed 200 OK in 173ms (Views: 91.0ms | ActiveRecord: 1.0ms)


Started GET "/carts/new" for 127.0.0.1 at Thu Jul 21 13:34:29 +0800 2011
  Processing by CartsController#new as HTML
Rendered carts/_form.html.erb (120.0ms)
Rendered carts/new.html.erb within layouts/application (141.0ms)
Completed 200 OK in 250ms (Views: 202.0ms | ActiveRecord: 39.0ms)


Started POST "/carts" for 127.0.0.1 at Thu Jul 21 13:34:33 +0800 2011
  Processing by CartsController#create as HTML
  Parameters: {"commit"=>"Create Cart", "authenticity_token"=>"Q/+sti+ekXGZzi2Ddpyd+f7Lb0LuAUl+8FerEMMWCZc=", "utf8"=>"✓"}
  [1m[35mAREL (1.0ms)[0m  INSERT INTO "carts" ("updated_at", "created_at") VALUES ('2011-07-21 05:34:34.032215', '2011-07-21 05:34:34.032215')
Redirected to http://localhost:3000/carts/1
Completed 302 Found in 296ms


Started GET "/carts/1" for 127.0.0.1 at Thu Jul 21 13:34:34 +0800 2011
  Processing by CartsController#show as HTML
  Parameters: {"id"=>"1"}
  [1m[36mCart Load (1.0ms)[0m  [1mSELECT "carts".* FROM "carts" WHERE "carts"."id" = 1 LIMIT 1[0m
Rendered carts/show.html.erb within layouts/application (16.0ms)
Completed 200 OK in 134ms (Views: 73.0ms | ActiveRecord: 1.0ms)


Started GET "/carts/1" for 127.0.0.1 at Thu Jul 21 13:37:28 +0800 2011
  Processing by CartsController#show as HTML
  Parameters: {"id"=>"1"}
  [1m[35mCart Load (1.0ms)[0m  SELECT "carts".* FROM "carts" WHERE "carts"."id" = 1 LIMIT 1
ERROR: compiling _app_views_carts_show_html_erb__986132884_64385148_0 RAISED compile error
D:/RubyProject/depot/app/views/carts/show.html.erb:4: syntax error, unexpected '\n', expecting tCOLON2 or '[' or '.'
D:/RubyProject/depot/app/views/carts/show.html.erb:9: syntax error, unexpected kENSURE, expecting $end
Function body:           def _app_views_carts_show_html_erb__986132884_64385148_0(local_assigns)
            _old_virtual_path, @_virtual_path = @_virtual_path, "carts/show";_old_output_buffer = @output_buffer;;@output_buffer = ActionView::OutputBuffer.new;@output_buffer.safe_concat('
<h2> Your Pragmatic Cart </h2>
<ul>
');	 for item.product.title 
@output_buffer.safe_concat('		<li>');@output_buffer.append= ( item.product.title );@output_buffer.safe_concat('</li>
');	 end 
@output_buffer.safe_concat('</ul>
');@output_buffer.to_s
          ensure
            @_virtual_path, @output_buffer = _old_virtual_path, _old_output_buffer
          end
Backtrace: D:/RubyProject/depot/app/views/carts/show.html.erb:9:in `compile'
D:/Ruby187/lib/ruby/gems/1.8/gems/actionpack-3.0.7/lib/action_view/template.rb:134:in `render'
D:/Ruby187/lib/ruby/gems/1.8/gems/activesupport-3.0.7/lib/active_support/notifications.rb:54:in `instrument'
D:/Ruby187/lib/ruby/gems/1.8/gems/actionpack-3.0.7/lib/action_view/template.rb:127:in `render'
D:/Ruby187/lib/ruby/gems/1.8/gems/actionpack-3.0.7/lib/action_view/render/rendering.rb:59:in `_render_template'
D:/Ruby187/lib/ruby/gems/1.8/gems/activesupport-3.0.7/lib/active_support/notifications.rb:52:in `instrument'
D:/Ruby187/lib/ruby/gems/1.8/gems/activesupport-3.0.7/lib/active_support/notifications/instrumenter.rb:21:in `instrument'
D:/Ruby187/lib/ruby/gems/1.8/gems/activesupport-3.0.7/lib/active_support/notifications.rb:52:in `instrument'
D:/Ruby187/lib/ruby/gems/1.8/gems/actionpack-3.0.7/lib/action_view/render/rendering.rb:56:in `_render_template'
D:/Ruby187/lib/ruby/gems/1.8/gems/actionpack-3.0.7/lib/action_view/render/rendering.rb:26:in `render'
D:/Ruby187/lib/ruby/gems/1.8/gems/actionpack-3.0.7/lib/abstract_controller/rendering.rb:115:in `_render_template'
D:/Ruby187/lib/ruby/gems/1.8/gems/actionpack-3.0.7/lib/abstract_controller/rendering.rb:109:in `render_to_body'
D:/Ruby187/lib/ruby/gems/1.8/gems/actionpack-3.0.7/lib/action_controller/metal/renderers.rb:47:in `render_to_body'
D:/Ruby187/lib/ruby/gems/1.8/gems/actionpack-3.0.7/lib/action_controller/metal/compatibility.rb:55:in `render_to_body'
D:/Ruby187/lib/ruby/gems/1.8/gems/actionpack-3.0.7/lib/abstract_controller/rendering.rb:102:in `render_to_string'
D:/Ruby187/lib/ruby/gems/1.8/gems/actionpack-3.0.7/lib/abstract_controller/rendering.rb:93:in `render'
D:/Ruby187/lib/ruby/gems/1.8/gems/actionpack-3.0.7/lib/action_controller/metal/rendering.rb:17:in `render'
D:/Ruby187/lib/ruby/gems/1.8/gems/actionpack-3.0.7/lib/action_controller/metal/instrumentation.rb:40:in `render'
D:/Ruby187/lib/ruby/gems/1.8/gems/activesupport-3.0.7/lib/active_support/core_ext/benchmark.rb:5:in `ms'
D:/Ruby187/lib/ruby/1.8/benchmark.rb:308:in `realtime'
D:/Ruby187/lib/ruby/gems/1.8/gems/activesupport-3.0.7/lib/active_support/core_ext/benchmark.rb:5:in `ms'
D:/Ruby187/lib/ruby/gems/1.8/gems/actionpack-3.0.7/lib/action_controller/metal/instrumentation.rb:40:in `render'
D:/Ruby187/lib/ruby/gems/1.8/gems/actionpack-3.0.7/lib/action_controller/metal/instrumentation.rb:78:in `cleanup_view_runtime'
D:/Ruby187/lib/ruby/gems/1.8/gems/activerecord-3.0.7/lib/active_record/railties/controller_runtime.rb:15:in `cleanup_view_runtime'
D:/Ruby187/lib/ruby/gems/1.8/gems/actionpack-3.0.7/lib/action_controller/metal/instrumentation.rb:39:in `render'
D:/Ruby187/lib/ruby/gems/1.8/gems/actionpack-3.0.7/lib/action_controller/metal/implicit_render.rb:14:in `default_render'
D:/Ruby187/lib/ruby/gems/1.8/gems/actionpack-3.0.7/lib/action_controller/metal/mime_responds.rb:261:in `retrieve_response_from_mimes'
D:/Ruby187/lib/ruby/gems/1.8/gems/actionpack-3.0.7/lib/action_controller/metal/mime_responds.rb:192:in `call'
D:/Ruby187/lib/ruby/gems/1.8/gems/actionpack-3.0.7/lib/action_controller/metal/mime_responds.rb:192:in `respond_to'
D:/RubyProject/depot/app/controllers/carts_controller.rb:18:in `show'
D:/Ruby187/lib/ruby/gems/1.8/gems/actionpack-3.0.7/lib/action_controller/metal/implicit_render.rb:5:in `send_action'
D:/Ruby187/lib/ruby/gems/1.8/gems/actionpack-3.0.7/lib/action_controller/metal/implicit_render.rb:5:in `send_action'
D:/Ruby187/lib/ruby/gems/1.8/gems/actionpack-3.0.7/lib/abstract_controller/base.rb:150:in `process_action'
D:/Ruby187/lib/ruby/gems/1.8/gems/actionpack-3.0.7/lib/action_controller/metal/rendering.rb:11:in `process_action'
D:/Ruby187/lib/ruby/gems/1.8/gems/actionpack-3.0.7/lib/abstract_controller/callbacks.rb:18:in `process_action'
D:/Ruby187/lib/ruby/gems/1.8/gems/activesupport-3.0.7/lib/active_support/callbacks.rb:436:in `_run__636904803__process_action__453433196__callbacks'
D:/Ruby187/lib/ruby/gems/1.8/gems/activesupport-3.0.7/lib/active_support/callbacks.rb:410:in `send'
D:/Ruby187/lib/ruby/gems/1.8/gems/activesupport-3.0.7/lib/active_support/callbacks.rb:410:in `_run_process_action_callbacks'
D:/Ruby187/lib/ruby/gems/1.8/gems/activesupport-3.0.7/lib/active_support/callbacks.rb:94:in `send'
D:/Ruby187/lib/ruby/gems/1.8/gems/activesupport-3.0.7/lib/active_support/callbacks.rb:94:in `run_callbacks'
D:/Ruby187/lib/ruby/gems/1.8/gems/actionpack-3.0.7/lib/abstract_controller/callbacks.rb:17:in `process_action'
D:/Ruby187/lib/ruby/gems/1.8/gems/actionpack-3.0.7/lib/action_controller/metal/instrumentation.rb:30:in `process_action'
D:/Ruby187/lib/ruby/gems/1.8/gems/activesupport-3.0.7/lib/active_support/notifications.rb:52:in `instrument'
D:/Ruby187/lib/ruby/gems/1.8/gems/activesupport-3.0.7/lib/active_support/notifications/instrumenter.rb:21:in `instrument'
D:/Ruby187/lib/ruby/gems/1.8/gems/activesupport-3.0.7/lib/active_support/notifications.rb:52:in `instrument'
D:/Ruby187/lib/ruby/gems/1.8/gems/actionpack-3.0.7/lib/action_controller/metal/instrumentation.rb:29:in `process_action'
D:/Ruby187/lib/ruby/gems/1.8/gems/actionpack-3.0.7/lib/action_controller/metal/rescue.rb:17:in `process_action'
D:/Ruby187/lib/ruby/gems/1.8/gems/actionpack-3.0.7/lib/abstract_controller/base.rb:119:in `process'
D:/Ruby187/lib/ruby/gems/1.8/gems/actionpack-3.0.7/lib/abstract_controller/rendering.rb:41:in `process'
D:/Ruby187/lib/ruby/gems/1.8/gems/actionpack-3.0.7/lib/action_controller/metal.rb:138:in `dispatch'
D:/Ruby187/lib/ruby/gems/1.8/gems/actionpack-3.0.7/lib/action_controller/metal/rack_delegation.rb:14:in `dispatch'
D:/Ruby187/lib/ruby/gems/1.8/gems/actionpack-3.0.7/lib/action_controller/metal.rb:178:in `action'
D:/Ruby187/lib/ruby/gems/1.8/gems/actionpack-3.0.7/lib/action_dispatch/routing/route_set.rb:62:in `call'
D:/Ruby187/lib/ruby/gems/1.8/gems/actionpack-3.0.7/lib/action_dispatch/routing/route_set.rb:62:in `dispatch'
D:/Ruby187/lib/ruby/gems/1.8/gems/actionpack-3.0.7/lib/action_dispatch/routing/route_set.rb:27:in `call'
D:/Ruby187/lib/ruby/gems/1.8/gems/rack-mount-0.6.14/lib/rack/mount/route_set.rb:148:in `call'
D:/Ruby187/lib/ruby/gems/1.8/gems/rack-mount-0.6.14/lib/rack/mount/code_generation.rb:93:in `recognize'
D:/Ruby187/lib/ruby/gems/1.8/gems/rack-mount-0.6.14/lib/rack/mount/code_generation.rb:89:in `optimized_each'
D:/Ruby187/lib/ruby/gems/1.8/gems/rack-mount-0.6.14/lib/rack/mount/code_generation.rb:92:in `recognize'
D:/Ruby187/lib/ruby/gems/1.8/gems/rack-mount-0.6.14/lib/rack/mount/route_set.rb:139:in `call'
D:/Ruby187/lib/ruby/gems/1.8/gems/actionpack-3.0.7/lib/action_dispatch/routing/route_set.rb:493:in `call'
D:/Ruby187/lib/ruby/gems/1.8/gems/actionpack-3.0.7/lib/action_dispatch/middleware/best_standards_support.rb:17:in `call'
D:/Ruby187/lib/ruby/gems/1.8/gems/actionpack-3.0.7/lib/action_dispatch/middleware/head.rb:14:in `call'
D:/Ruby187/lib/ruby/gems/1.8/gems/rack-1.2.3/lib/rack/methodoverride.rb:24:in `call'
D:/Ruby187/lib/ruby/gems/1.8/gems/actionpack-3.0.7/lib/action_dispatch/middleware/params_parser.rb:21:in `call'
D:/Ruby187/lib/ruby/gems/1.8/gems/actionpack-3.0.7/lib/action_dispatch/middleware/flash.rb:182:in `call'
D:/Ruby187/lib/ruby/gems/1.8/gems/actionpack-3.0.7/lib/action_dispatch/middleware/session/abstract_store.rb:149:in `call'
D:/Ruby187/lib/ruby/gems/1.8/gems/actionpack-3.0.7/lib/action_dispatch/middleware/cookies.rb:302:in `call'
D:/Ruby187/lib/ruby/gems/1.8/gems/activerecord-3.0.7/lib/active_record/query_cache.rb:32:in `call'
D:/Ruby187/lib/ruby/gems/1.8/gems/activerecord-3.0.7/lib/active_record/connection_adapters/abstract/query_cache.rb:28:in `cache'
D:/Ruby187/lib/ruby/gems/1.8/gems/activerecord-3.0.7/lib/active_record/query_cache.rb:12:in `cache'
D:/Ruby187/lib/ruby/gems/1.8/gems/activerecord-3.0.7/lib/active_record/query_cache.rb:31:in `call'
D:/Ruby187/lib/ruby/gems/1.8/gems/activerecord-3.0.7/lib/active_record/connection_adapters/abstract/connection_pool.rb:354:in `call'
D:/Ruby187/lib/ruby/gems/1.8/gems/actionpack-3.0.7/lib/action_dispatch/middleware/callbacks.rb:46:in `call'
D:/Ruby187/lib/ruby/gems/1.8/gems/activesupport-3.0.7/lib/active_support/callbacks.rb:416:in `_run_call_callbacks'
D:/Ruby187/lib/ruby/gems/1.8/gems/actionpack-3.0.7/lib/action_dispatch/middleware/callbacks.rb:44:in `call'
D:/Ruby187/lib/ruby/gems/1.8/gems/rack-1.2.3/lib/rack/sendfile.rb:107:in `call'
D:/Ruby187/lib/ruby/gems/1.8/gems/actionpack-3.0.7/lib/action_dispatch/middleware/remote_ip.rb:48:in `call'
D:/Ruby187/lib/ruby/gems/1.8/gems/actionpack-3.0.7/lib/action_dispatch/middleware/show_exceptions.rb:47:in `call'
D:/Ruby187/lib/ruby/gems/1.8/gems/railties-3.0.7/lib/rails/rack/logger.rb:13:in `call'
D:/Ruby187/lib/ruby/gems/1.8/gems/rack-1.2.3/lib/rack/runtime.rb:17:in `call'
D:/Ruby187/lib/ruby/gems/1.8/gems/activesupport-3.0.7/lib/active_support/cache/strategy/local_cache.rb:72:in `call'
D:/Ruby187/lib/ruby/gems/1.8/gems/rack-1.2.3/lib/rack/lock.rb:11:in `call'
D:/Ruby187/lib/ruby/gems/1.8/gems/rack-1.2.3/lib/rack/lock.rb:11:in `synchronize'
D:/Ruby187/lib/ruby/gems/1.8/gems/rack-1.2.3/lib/rack/lock.rb:11:in `call'
D:/Ruby187/lib/ruby/gems/1.8/gems/actionpack-3.0.7/lib/action_dispatch/middleware/static.rb:30:in `call'
D:/Ruby187/lib/ruby/gems/1.8/gems/railties-3.0.7/lib/rails/application.rb:168:in `call'
D:/Ruby187/lib/ruby/gems/1.8/gems/railties-3.0.7/lib/rails/application.rb:77:in `send'
D:/Ruby187/lib/ruby/gems/1.8/gems/railties-3.0.7/lib/rails/application.rb:77:in `method_missing'
D:/Ruby187/lib/ruby/gems/1.8/gems/railties-3.0.7/lib/rails/rack/log_tailer.rb:14:in `call'
D:/Ruby187/lib/ruby/gems/1.8/gems/rack-1.2.3/lib/rack/content_length.rb:13:in `call'
D:/Ruby187/lib/ruby/gems/1.8/gems/rack-1.2.3/lib/rack/handler/webrick.rb:52:in `service'
D:/Ruby187/lib/ruby/1.8/webrick/httpserver.rb:104:in `service'
D:/Ruby187/lib/ruby/1.8/webrick/httpserver.rb:65:in `run'
D:/Ruby187/lib/ruby/1.8/webrick/server.rb:173:in `start_thread'
D:/Ruby187/lib/ruby/1.8/webrick/server.rb:162:in `start'
D:/Ruby187/lib/ruby/1.8/webrick/server.rb:162:in `start_thread'
D:/Ruby187/lib/ruby/1.8/webrick/server.rb:95:in `start'
D:/Ruby187/lib/ruby/1.8/webrick/server.rb:92:in `each'
D:/Ruby187/lib/ruby/1.8/webrick/server.rb:92:in `start'
D:/Ruby187/lib/ruby/1.8/webrick/server.rb:23:in `start'
D:/Ruby187/lib/ruby/1.8/webrick/server.rb:82:in `start'
D:/Ruby187/lib/ruby/gems/1.8/gems/rack-1.2.3/lib/rack/handler/webrick.rb:13:in `run'
D:/Ruby187/lib/ruby/gems/1.8/gems/rack-1.2.3/lib/rack/server.rb:217:in `start'
D:/Ruby187/lib/ruby/gems/1.8/gems/railties-3.0.7/lib/rails/commands/server.rb:65:in `start'
D:/Ruby187/lib/ruby/gems/1.8/gems/railties-3.0.7/lib/rails/commands.rb:30
D:/Ruby187/lib/ruby/gems/1.8/gems/railties-3.0.7/lib/rails/commands.rb:27:in `tap'
D:/Ruby187/lib/ruby/gems/1.8/gems/railties-3.0.7/lib/rails/commands.rb:27
script/rails:6:in `require'
script/rails:6
Rendered carts/show.html.erb within layouts/application (2.0ms)
Completed   in 99ms

ActionView::Template::Error (compile error
D:/RubyProject/depot/app/views/carts/show.html.erb:4: syntax error, unexpected '\n', expecting tCOLON2 or '[' or '.'
D:/RubyProject/depot/app/views/carts/show.html.erb:9: syntax error, unexpected kENSURE, expecting $end):
    1: 
    2: <h2> Your Pragmatic Cart </h2>
    3: <ul>
    4: 	<% for item.product.title %>
    5: 		<li><%= item.product.title %></li>
    6: 	<% end %>
    7: </ul>
  app/views/carts/show.html.erb:9:in `compile'
  app/controllers/carts_controller.rb:18:in `show'

Rendered D:/Ruby187/lib/ruby/gems/1.8/gems/actionpack-3.0.7/lib/action_dispatch/middleware/templates/rescues/_trace.erb (1.0ms)
Rendered D:/Ruby187/lib/ruby/gems/1.8/gems/actionpack-3.0.7/lib/action_dispatch/middleware/templates/rescues/_request_and_response.erb (43.0ms)
Rendered D:/Ruby187/lib/ruby/gems/1.8/gems/actionpack-3.0.7/lib/action_dispatch/middleware/templates/rescues/template_error.erb within rescues/layout (68.0ms)


Started GET "/carts/1" for 127.0.0.1 at Thu Jul 21 13:38:20 +0800 2011
  Processing by CartsController#show as HTML
  Parameters: {"id"=>"1"}
  [1m[36mCart Load (0.0ms)[0m  [1mSELECT "carts".* FROM "carts" WHERE "carts"."id" = 1 LIMIT 1[0m
  [1m[35mLineItem Load (0.0ms)[0m  SELECT "line_items".* FROM "line_items" WHERE ("line_items".cart_id = 1)
Rendered carts/show.html.erb within layouts/application (171.0ms)
Completed 200 OK in 376ms (Views: 349.0ms | ActiveRecord: 0.0ms)


Started GET "/carts/1" for 127.0.0.1 at Thu Jul 21 13:38:33 +0800 2011
  Processing by CartsController#show as HTML
  Parameters: {"id"=>"1"}
  [1m[36mCart Load (1.0ms)[0m  [1mSELECT "carts".* FROM "carts" WHERE "carts"."id" = 1 LIMIT 1[0m
  [1m[35mLineItem Load (0.0ms)[0m  SELECT "line_items".* FROM "line_items" WHERE ("line_items".cart_id = 1)
Rendered carts/show.html.erb within layouts/application (34.0ms)
Completed 200 OK in 106ms (Views: 80.0ms | ActiveRecord: 1.0ms)


Started GET "/carts/1" for 127.0.0.1 at Thu Jul 21 13:46:45 +0800 2011
  Processing by CartsController#show as HTML
  Parameters: {"id"=>"1"}
  [1m[36mCart Load (0.0ms)[0m  [1mSELECT "carts".* FROM "carts" WHERE "carts"."id" = 1 LIMIT 1[0m
  [1m[35mLineItem Load (0.0ms)[0m  SELECT "line_items".* FROM "line_items" WHERE ("line_items".cart_id = 1)
Rendered carts/show.html.erb within layouts/application (31.0ms)
Completed 200 OK in 107ms (Views: 76.0ms | ActiveRecord: 0.0ms)
